2013/03/31 21:56:43 [I] [获取首页数据成功]
2013/03/31 21:57:25 [I] [获得文章列表成功]
2013/03/31 22:01:00 [I] [获得文章列表成功]
2013/03/31 22:01:02 [I] [获得类别列表成功]
2013/03/31 22:32:41 [I] [获得文章列表成功]
2013/03/31 22:32:43 [I] [获得类别列表成功]
2013/03/31 22:32:49 [I] [获得类别列表成功]
2013/03/31 22:33:00 [I] [获得类别列表成功]
2013/03/31 22:37:30 [I] [获得文章列表成功]
2013/03/31 22:38:51 [I] [获得文章列表成功]
2013/03/31 22:40:04 [I] [获得文章列表成功]
2013/03/31 22:43:27 [I] [获取首页数据成功]
2013/03/31 22:43:51 [I] [获取首页数据成功]
2013/03/31 22:43:53 [I] [获取首页数据成功]
2013/03/31 22:47:26 [I] [获取首页数据成功]
2013/03/31 22:47:31 [I] [获取首页数据成功]
2013/03/31 22:47:32 [I] [获取首页数据成功]
2013/03/31 22:47:34 [I] [获取首页数据成功]
2013/03/31 22:47:34 [I] [获取首页数据成功]
2013/03/31 22:47:42 [I] [获得文章列表成功]
2013/03/31 22:49:55 [I] [获得文章列表成功]
2013/03/31 22:50:28 [I] [获取首页数据成功]
2013/03/31 22:50:31 [I] [获得文章列表成功]
2013/03/31 22:51:04 [I] [获得文章列表成功]
2013/03/31 22:51:05 [I] [获得类别列表成功]
2013/03/31 22:53:55 [T] [template ParseFiles err: template: editArticle.tpl:44: unexpected EOF]
2013/03/31 22:53:55 [C] [Handler crashed with error runtime error: invalid memory address or nil pointer dereference]
2013/03/31 22:53:55 [C] [/Users/lsdev/dev/go/src/pkg/runtime/proc.c 1443]
2013/03/31 22:53:55 [C] [/Users/lsdev/dev/go/src/pkg/runtime/runtime.c 128]
2013/03/31 22:53:55 [C] [/Users/lsdev/dev/go/src/pkg/runtime/thread_darwin.c 418]
2013/03/31 22:53:55 [C] [/Users/lsdev/dev/go/src/pkg/html/template/template.go 78]
2013/03/31 22:53:55 [C] [/Users/lsdev/dev/go/src/pkg/html/template/template.go 67]
2013/03/31 22:53:55 [C] [/Users/lsdev/Documents/Code/go/src/github.com/astaxie/beego/controller.go 100]
2013/03/31 22:53:55 [C] [/Users/lsdev/dev/go/src/pkg/reflect/value.go 521]
2013/03/31 22:53:55 [C] [/Users/lsdev/dev/go/src/pkg/reflect/value.go 334]
2013/03/31 22:53:55 [C] [/Users/lsdev/Documents/Code/go/src/github.com/astaxie/beego/router.go 253]
2013/03/31 22:53:55 [C] [/Users/lsdev/dev/go/src/pkg/net/http/server.go 669]
2013/03/31 22:53:55 [C] [/Users/lsdev/dev/go/src/pkg/runtime/proc.c 271]
2013/03/31 22:53:57 [T] [template ParseFiles err: template: editArticle.tpl:44: unexpected EOF]
2013/03/31 22:53:57 [C] [Handler crashed with error runtime error: invalid memory address or nil pointer dereference]
2013/03/31 22:53:57 [C] [/Users/lsdev/dev/go/src/pkg/runtime/proc.c 1443]
2013/03/31 22:53:57 [C] [/Users/lsdev/dev/go/src/pkg/runtime/runtime.c 128]
2013/03/31 22:53:57 [C] [/Users/lsdev/dev/go/src/pkg/runtime/thread_darwin.c 418]
2013/03/31 22:53:57 [C] [/Users/lsdev/dev/go/src/pkg/html/template/template.go 78]
2013/03/31 22:53:57 [C] [/Users/lsdev/dev/go/src/pkg/html/template/template.go 67]
2013/03/31 22:53:57 [C] [/Users/lsdev/Documents/Code/go/src/github.com/astaxie/beego/controller.go 100]
2013/03/31 22:53:57 [C] [/Users/lsdev/dev/go/src/pkg/reflect/value.go 521]
2013/03/31 22:53:57 [C] [/Users/lsdev/dev/go/src/pkg/reflect/value.go 334]
2013/03/31 22:53:57 [C] [/Users/lsdev/Documents/Code/go/src/github.com/astaxie/beego/router.go 253]
2013/03/31 22:53:57 [C] [/Users/lsdev/dev/go/src/pkg/net/http/server.go 669]
2013/03/31 22:53:57 [C] [/Users/lsdev/dev/go/src/pkg/runtime/proc.c 271]
2013/03/31 22:54:08 [T] [template ParseFiles err: template: editArticle.tpl:44: unexpected EOF]
2013/03/31 22:54:08 [C] [Handler crashed with error runtime error: invalid memory address or nil pointer dereference]
2013/03/31 22:54:08 [C] [/Users/lsdev/dev/go/src/pkg/runtime/proc.c 1443]
2013/03/31 22:54:08 [C] [/Users/lsdev/dev/go/src/pkg/runtime/runtime.c 128]
2013/03/31 22:54:08 [C] [/Users/lsdev/dev/go/src/pkg/runtime/thread_darwin.c 418]
2013/03/31 22:54:08 [C] [/Users/lsdev/dev/go/src/pkg/html/template/template.go 78]
2013/03/31 22:54:08 [C] [/Users/lsdev/dev/go/src/pkg/html/template/template.go 67]
2013/03/31 22:54:08 [C] [/Users/lsdev/Documents/Code/go/src/github.com/astaxie/beego/controller.go 100]
2013/03/31 22:54:08 [C] [/Users/lsdev/dev/go/src/pkg/reflect/value.go 521]
2013/03/31 22:54:08 [C] [/Users/lsdev/dev/go/src/pkg/reflect/value.go 334]
2013/03/31 22:54:08 [C] [/Users/lsdev/Documents/Code/go/src/github.com/astaxie/beego/router.go 253]
2013/03/31 22:54:08 [C] [/Users/lsdev/dev/go/src/pkg/net/http/server.go 669]
2013/03/31 22:54:08 [C] [/Users/lsdev/dev/go/src/pkg/runtime/proc.c 271]
2013/03/31 22:54:30 [T] [template ParseFiles err: template: editArticle.tpl:44: unexpected EOF]
2013/03/31 22:54:30 [C] [Handler crashed with error runtime error: invalid memory address or nil pointer dereference]
2013/03/31 22:54:30 [C] [/Users/lsdev/dev/go/src/pkg/runtime/proc.c 1443]
2013/03/31 22:54:30 [C] [/Users/lsdev/dev/go/src/pkg/runtime/runtime.c 128]
2013/03/31 22:54:30 [C] [/Users/lsdev/dev/go/src/pkg/runtime/thread_darwin.c 418]
2013/03/31 22:54:30 [C] [/Users/lsdev/dev/go/src/pkg/html/template/template.go 78]
2013/03/31 22:54:30 [C] [/Users/lsdev/dev/go/src/pkg/html/template/template.go 67]
2013/03/31 22:54:30 [C] [/Users/lsdev/Documents/Code/go/src/github.com/astaxie/beego/controller.go 100]
2013/03/31 22:54:30 [C] [/Users/lsdev/dev/go/src/pkg/reflect/value.go 521]
2013/03/31 22:54:30 [C] [/Users/lsdev/dev/go/src/pkg/reflect/value.go 334]
2013/03/31 22:54:30 [C] [/Users/lsdev/Documents/Code/go/src/github.com/astaxie/beego/router.go 253]
2013/03/31 22:54:30 [C] [/Users/lsdev/dev/go/src/pkg/net/http/server.go 669]
2013/03/31 22:54:30 [C] [/Users/lsdev/dev/go/src/pkg/runtime/proc.c 271]
2013/03/31 22:55:28 [T] [template ParseFiles err: template: editArticle.tpl:44: unexpected EOF]
2013/03/31 22:55:28 [C] [Handler crashed with error runtime error: invalid memory address or nil pointer dereference]
2013/03/31 22:55:28 [C] [/Users/lsdev/dev/go/src/pkg/runtime/proc.c 1443]
2013/03/31 22:55:28 [C] [/Users/lsdev/dev/go/src/pkg/runtime/runtime.c 128]
2013/03/31 22:55:28 [C] [/Users/lsdev/dev/go/src/pkg/runtime/thread_darwin.c 418]
2013/03/31 22:55:28 [C] [/Users/lsdev/dev/go/src/pkg/html/template/template.go 78]
2013/03/31 22:55:28 [C] [/Users/lsdev/dev/go/src/pkg/html/template/template.go 67]
2013/03/31 22:55:28 [C] [/Users/lsdev/Documents/Code/go/src/github.com/astaxie/beego/controller.go 100]
2013/03/31 22:55:28 [C] [/Users/lsdev/dev/go/src/pkg/reflect/value.go 521]
2013/03/31 22:55:28 [C] [/Users/lsdev/dev/go/src/pkg/reflect/value.go 334]
2013/03/31 22:55:28 [C] [/Users/lsdev/Documents/Code/go/src/github.com/astaxie/beego/router.go 253]
2013/03/31 22:55:28 [C] [/Users/lsdev/dev/go/src/pkg/net/http/server.go 669]
2013/03/31 22:55:28 [C] [/Users/lsdev/dev/go/src/pkg/runtime/proc.c 271]
2013/03/31 22:56:16 [I] [获得类别列表成功]
2013/03/31 23:03:03 [I] [获得文章列表成功]
2013/03/31 23:03:05 [I] [获得类别列表成功]
2013/03/31 23:03:31 [I] [获得类别列表成功]
2013/03/31 23:03:34 [E] [ : 文章不存在
]
2013/03/31 23:03:34 [E] [ : 文章不存在
]
2013/03/31 23:03:34 [E] [ : 文章不存在
]
2013/03/31 23:03:34 [E] [ : 文章不存在
]
2013/03/31 23:03:35 [E] [ : 文章不存在
]
2013/03/31 23:03:35 [E] [ : 文章不存在
]
2013/03/31 23:03:35 [E] [ : 文章不存在
]
2013/03/31 23:03:37 [I] [
]
2013/03/31 23:03:37 [I] [map[content:[fdsfsfdsfdsfsf] action:[addArticle] title:[fdfdffd] category_id:[45]]]
2013/03/31 23:03:37 [I] [添加文章成功: fdfdffd
]
2013/03/31 23:03:38 [I] [获得文章列表成功]
2013/03/31 23:03:42 [I] [获得类别列表成功]
2013/03/31 23:08:25 [I] [获得类别列表成功]
2013/03/31 23:13:17 [I] [获得类别列表成功]
2013/03/31 23:14:21 [I] [获得类别列表成功]
2013/03/31 23:15:00 [I] [获得类别列表成功]
2013/03/31 23:17:02 [I] [获得类别列表成功]
2013/03/31 23:17:11 [I] [获得类别列表成功]
2013/03/31 23:22:04 [I] [获得类别列表成功]
2013/03/31 23:23:36 [I] [获得类别列表成功]
2013/03/31 23:26:17 [I] [获得类别列表成功]
2013/03/31 23:26:19 [E] [ : 文章不存在
]
2013/03/31 23:26:23 [E] [ : 文章不存在
]
2013/03/31 23:26:25 [E] [ : 文章不存在
]
2013/03/31 23:26:25 [E] [ : 文章不存在
]
2013/03/31 23:26:26 [E] [ : 文章不存在
]
2013/03/31 23:26:27 [E] [ : 文章不存在
]
2013/03/31 23:26:28 [E] [ : 文章不存在
]
2013/03/31 23:26:29 [E] [ : 文章不存在
]
2013/03/31 23:26:30 [E] [ : 文章不存在
]
2013/03/31 23:28:10 [I] [获得类别列表成功]
2013/03/31 23:28:12 [E] [ : 文章不存在
]
2013/03/31 23:28:14 [E] [ : 文章不存在
]
2013/03/31 23:28:14 [E] [ : 文章不存在
]
2013/03/31 23:28:15 [E] [ : 文章不存在
]
2013/03/31 23:30:18 [I] [获得类别列表成功]
2013/03/31 23:30:20 [E] [ : 文章不存在
]
2013/03/31 23:30:21 [E] [ : 文章不存在
]
2013/03/31 23:30:22 [E] [ : 文章不存在
]
2013/03/31 23:30:23 [E] [ : 文章不存在
]
2013/03/31 23:30:23 [E] [ : 文章不存在
]
2013/03/31 23:30:24 [E] [ : 文章不存在
]
2013/03/31 23:30:24 [E] [ : 文章不存在
]
2013/03/31 23:30:24 [E] [ : 文章不存在
]
2013/03/31 23:30:24 [E] [ : 文章不存在
]
2013/03/31 23:30:25 [E] [ : 文章不存在
]
2013/03/31 23:30:25 [E] [ : 文章不存在
]
2013/03/31 23:30:25 [E] [ : 文章不存在
]
2013/03/31 23:30:25 [E] [ : 文章不存在
]
2013/03/31 23:30:26 [E] [ : 文章不存在
]
2013/03/31 23:30:27 [E] [ : 文章不存在
]
2013/03/31 23:30:28 [E] [ : 文章不存在
]
2013/03/31 23:30:28 [E] [ : 文章不存在
]
2013/03/31 23:30:28 [E] [ : 文章不存在
]
2013/03/31 23:30:28 [E] [ : 文章不存在
]
2013/03/31 23:30:29 [E] [ : 文章不存在
]
2013/03/31 23:30:29 [E] [ : 文章不存在
]
2013/03/31 23:30:30 [E] [ : 文章不存在
]
2013/03/31 23:30:30 [E] [ : 文章不存在
]
2013/03/31 23:30:30 [E] [ : 文章不存在
]
2013/03/31 23:30:30 [E] [ : 文章不存在
]
2013/03/31 23:30:30 [E] [ : 文章不存在
]
2013/03/31 23:30:30 [E] [ : 文章不存在
]
2013/03/31 23:30:31 [E] [ : 文章不存在
]
2013/03/31 23:30:31 [E] [ : 文章不存在
]
2013/03/31 23:30:31 [E] [ : 文章不存在
]
2013/03/31 23:30:31 [E] [ : 文章不存在
]
2013/03/31 23:30:32 [E] [ : 文章不存在
]
2013/03/31 23:30:32 [E] [ : 文章不存在
]
2013/03/31 23:30:32 [E] [ : 文章不存在
]
2013/03/31 23:30:32 [E] [ : 文章不存在
]
2013/03/31 23:30:33 [E] [ : 文章不存在
]
2013/03/31 23:30:33 [E] [ : 文章不存在
]
2013/03/31 23:30:33 [E] [ : 文章不存在
]
2013/03/31 23:30:33 [E] [ : 文章不存在
]
2013/03/31 23:30:33 [E] [ : 文章不存在
]
2013/03/31 23:30:33 [E] [ : 文章不存在
]
2013/03/31 23:30:33 [E] [ : 文章不存在
]
2013/03/31 23:30:34 [E] [ : 文章不存在
]
2013/03/31 23:30:34 [E] [ : 文章不存在
]
2013/03/31 23:30:39 [I] [
]
2013/03/31 23:30:39 [I] [编辑文章成功: 你好啊
]
2013/03/31 23:30:41 [I] [获得文章列表成功]
2013/03/31 23:30:52 [I] [获取首页数据成功]
2013/03/31 23:31:15 [I] [获得文章列表成功]
2013/03/31 23:31:51 [I] [获得类别列表成功]
2013/03/31 23:31:58 [I] [获得类别列表成功]
2013/03/31 23:32:01 [I] [
]
2013/03/31 23:32:01 [E] [编辑文章失败 : 文章不存在
]
2013/03/31 23:32:02 [I] [获得文章列表成功]
2013/03/31 23:32:05 [I] [获得类别列表成功]
2013/03/31 23:32:10 [I] [
]
2013/03/31 23:32:10 [E] [编辑文章失败 : 文章不存在
]
2013/03/31 23:32:12 [I] [获得文章列表成功]
2013/03/31 23:32:14 [I] [获得类别列表成功]
2013/03/31 23:32:16 [I] [
]
2013/03/31 23:32:16 [E] [编辑文章失败 : 文章不存在
]
2013/03/31 23:32:18 [I] [获得文章列表成功]
2013/03/31 23:32:25 [I] [获得类别列表成功]
2013/03/31 23:32:29 [I] [
]
2013/03/31 23:32:29 [E] [编辑文章失败 : 文章不存在
]
2013/03/31 23:32:30 [I] [获得文章列表成功]
2013/03/31 23:32:32 [I] [获得类别列表成功]
2013/03/31 23:32:36 [I] [
]
2013/03/31 23:32:36 [E] [编辑文章失败 : 文章不存在
]
2013/03/31 23:32:39 [I] [获得文章列表成功]
2013/03/31 23:32:45 [I] [获得类别列表成功]
2013/03/31 23:34:38 [I] [
]
2013/03/31 23:34:38 [E] [编辑文章失败 : 文章不存在
]
2013/03/31 23:34:40 [I] [获得文章列表成功]
2013/03/31 23:36:16 [I] [获得文章列表成功]
2013/03/31 23:36:19 [I] [获得类别列表成功]
2013/03/31 23:36:20 [I] [
]
2013/03/31 23:36:20 [I] [编辑文章成功: 你好啊
]
2013/03/31 23:36:21 [I] [获得文章列表成功]
2013/03/31 23:36:23 [I] [获得类别列表成功]
2013/03/31 23:36:25 [I] [
]
2013/03/31 23:36:25 [I] [编辑文章成功: 博客1
]
2013/03/31 23:36:26 [I] [获得文章列表成功]
2013/03/31 23:36:31 [I] [获得类别列表成功]
2013/03/31 23:36:34 [E] [ : 文章不存在
]
2013/03/31 23:36:36 [I] [
]
2013/03/31 23:36:36 [I] [编辑文章成功: 你好
]
2013/03/31 23:36:37 [I] [获得文章列表成功]
2013/03/31 23:36:41 [I] [获得类别列表成功]
2013/03/31 23:36:44 [I] [
]
2013/03/31 23:36:44 [I] [编辑文章成功: 博客1
]
2013/03/31 23:36:45 [I] [获得文章列表成功]
2013/03/31 23:36:54 [I] [获得类别列表成功]
2013/03/31 23:36:55 [E] [ : 文章不存在
]
2013/03/31 23:37:03 [I] [
]
2013/03/31 23:37:03 [I] [编辑文章成功: 博客1
]
2013/03/31 23:37:04 [I] [获得文章列表成功]
2013/03/31 23:38:31 [I] [获得类别列表成功]
2013/03/31 23:38:35 [E] [ : 文章不存在
]
2013/03/31 23:38:38 [I] [获得类别列表成功]
2013/03/31 23:38:40 [E] [ : 文章不存在
]
2013/03/31 23:38:40 [E] [ : 文章不存在
]
2013/03/31 23:38:41 [E] [ : 文章不存在
]
2013/03/31 23:38:41 [E] [ : 文章不存在
]
2013/03/31 23:38:41 [E] [ : 文章不存在
]
2013/03/31 23:38:50 [I] [获得文章列表成功]
2013/03/31 23:38:52 [I] [获得类别列表成功]
2013/03/31 23:38:54 [E] [ : 文章不存在
]
2013/03/31 23:38:54 [E] [ : 文章不存在
]
2013/03/31 23:38:54 [E] [ : 文章不存在
]
2013/03/31 23:38:54 [E] [ : 文章不存在
]
2013/03/31 23:38:55 [E] [ : 文章不存在
]
2013/03/31 23:39:03 [I] [获得文章列表成功]
2013/03/31 23:39:05 [I] [获得类别列表成功]
2013/03/31 23:39:06 [I] [
]
2013/03/31 23:39:06 [I] [编辑文章成功: 博客1
]
2013/03/31 23:39:08 [I] [获得文章列表成功]
2013/03/31 23:39:40 [I] [获得类别列表成功]
2013/03/31 23:39:41 [I] [
]
2013/03/31 23:39:41 [I] [编辑文章成功: 博客1
]
2013/03/31 23:39:42 [I] [获得文章列表成功]
2013/04/01 15:09:48 [I] [获取首页数据成功]
2013/04/01 15:09:55 [I] [获取首页数据成功]
2013/04/01 15:10:01 [I] [获取首页数据成功]
2013/04/01 15:28:17 [I] [获取首页数据成功]
2013/04/01 15:31:09 [I] [获取首页数据成功]
2013/04/01 15:34:05 [I] [获取首页数据成功]
2013/04/01 15:34:49 [I] [获取首页数据成功]
2013/04/01 15:35:07 [I] [获取首页数据成功]
2013/04/01 15:38:18 [I] [获取首页数据成功]
2013/04/01 15:38:30 [I] [获取首页数据成功]
2013/04/01 15:38:48 [I] [获取首页数据成功]
2013/04/01 15:41:45 [I] [获取首页数据成功]
2013/04/01 15:41:56 [I] [获取首页数据成功]
2013/04/01 15:42:05 [I] [获取首页数据成功]
2013/04/01 15:42:49 [I] [获取首页数据成功]
2013/04/01 16:21:59 [I] [获取首页数据成功]
2013/04/01 16:22:10 [I] [获取首页数据成功]
2013/04/01 16:24:28 [I] [获取首页数据成功]
2013/04/01 16:24:37 [I] [获取首页数据成功]
2013/04/01 16:24:39 [I] [获取首页数据成功]
2013/04/01 16:26:59 [I] [获取首页数据成功]
2013/04/01 16:27:20 [I] [获取首页数据成功]
2013/04/01 16:27:53 [I] [获取首页数据成功]
2013/04/01 16:32:27 [I] [获取首页数据成功]
2013/04/01 16:33:48 [I] [获取首页数据成功]
2013/04/01 20:54:50 [I] [获取首页数据成功]
2013/04/01 21:09:44 [I] [获取首页数据成功]
2013/04/01 21:09:46 [I] [获取首页数据成功]
2013/04/01 21:09:47 [T] [template ParseFiles err: template: ArticleDetail.tpl:7: function "makedown" not defined]
2013/04/01 21:09:47 [C] [Handler crashed with error runtime error: invalid memory address or nil pointer dereference]
2013/04/01 21:09:47 [C] [/Users/lsdev/dev/go/src/pkg/runtime/proc.c 1443]
2013/04/01 21:09:47 [C] [/Users/lsdev/dev/go/src/pkg/runtime/runtime.c 128]
2013/04/01 21:09:47 [C] [/Users/lsdev/dev/go/src/pkg/runtime/thread_darwin.c 418]
2013/04/01 21:09:47 [C] [/Users/lsdev/dev/go/src/pkg/html/template/template.go 78]
2013/04/01 21:09:47 [C] [/Users/lsdev/dev/go/src/pkg/html/template/template.go 67]
2013/04/01 21:09:47 [C] [/Users/lsdev/Documents/Code/go/src/github.com/astaxie/beego/controller.go 100]
2013/04/01 21:09:47 [C] [/Users/lsdev/dev/go/src/pkg/reflect/value.go 521]
2013/04/01 21:09:47 [C] [/Users/lsdev/dev/go/src/pkg/reflect/value.go 334]
2013/04/01 21:09:47 [C] [/Users/lsdev/Documents/Code/go/src/github.com/astaxie/beego/router.go 253]
2013/04/01 21:09:47 [C] [/Users/lsdev/dev/go/src/pkg/net/http/server.go 669]
2013/04/01 21:09:47 [C] [/Users/lsdev/dev/go/src/pkg/runtime/proc.c 271]
2013/04/01 21:09:55 [T] [template ParseFiles err: template: ArticleDetail.tpl:7: function "makedown" not defined]
2013/04/01 21:09:55 [C] [Handler crashed with error runtime error: invalid memory address or nil pointer dereference]
2013/04/01 21:09:55 [C] [/Users/lsdev/dev/go/src/pkg/runtime/proc.c 1443]
2013/04/01 21:09:55 [C] [/Users/lsdev/dev/go/src/pkg/runtime/runtime.c 128]
2013/04/01 21:09:55 [C] [/Users/lsdev/dev/go/src/pkg/runtime/thread_darwin.c 418]
2013/04/01 21:09:55 [C] [/Users/lsdev/dev/go/src/pkg/html/template/template.go 78]
2013/04/01 21:09:55 [C] [/Users/lsdev/dev/go/src/pkg/html/template/template.go 67]
2013/04/01 21:09:55 [C] [/Users/lsdev/Documents/Code/go/src/github.com/astaxie/beego/controller.go 100]
2013/04/01 21:09:55 [C] [/Users/lsdev/dev/go/src/pkg/reflect/value.go 521]
2013/04/01 21:09:55 [C] [/Users/lsdev/dev/go/src/pkg/reflect/value.go 334]
2013/04/01 21:09:55 [C] [/Users/lsdev/Documents/Code/go/src/github.com/astaxie/beego/router.go 253]
2013/04/01 21:09:55 [C] [/Users/lsdev/dev/go/src/pkg/net/http/server.go 669]
2013/04/01 21:09:55 [C] [/Users/lsdev/dev/go/src/pkg/runtime/proc.c 271]
2013/04/01 21:10:07 [T] [template ParseFiles err: template: ArticleDetail.tpl:7: function "makedown" not defined]
2013/04/01 21:10:07 [C] [Handler crashed with error runtime error: invalid memory address or nil pointer dereference]
2013/04/01 21:10:07 [C] [/Users/lsdev/dev/go/src/pkg/runtime/proc.c 1443]
2013/04/01 21:10:07 [C] [/Users/lsdev/dev/go/src/pkg/runtime/runtime.c 128]
2013/04/01 21:10:07 [C] [/Users/lsdev/dev/go/src/pkg/runtime/thread_darwin.c 418]
2013/04/01 21:10:07 [C] [/Users/lsdev/dev/go/src/pkg/html/template/template.go 78]
2013/04/01 21:10:07 [C] [/Users/lsdev/dev/go/src/pkg/html/template/template.go 67]
2013/04/01 21:10:07 [C] [/Users/lsdev/Documents/Code/go/src/github.com/astaxie/beego/controller.go 100]
2013/04/01 21:10:07 [C] [/Users/lsdev/dev/go/src/pkg/reflect/value.go 521]
2013/04/01 21:10:07 [C] [/Users/lsdev/dev/go/src/pkg/reflect/value.go 334]
2013/04/01 21:10:07 [C] [/Users/lsdev/Documents/Code/go/src/github.com/astaxie/beego/router.go 253]
2013/04/01 21:10:07 [C] [/Users/lsdev/dev/go/src/pkg/net/http/server.go 669]
2013/04/01 21:10:07 [C] [/Users/lsdev/dev/go/src/pkg/runtime/proc.c 271]
2013/04/01 21:10:12 [I] [获得文章列表成功]
2013/04/01 21:10:14 [T] [template ParseFiles err: template: ArticleDetail.tpl:7: function "makedown" not defined]
2013/04/01 21:10:14 [C] [Handler crashed with error runtime error: invalid memory address or nil pointer dereference]
2013/04/01 21:10:14 [C] [/Users/lsdev/dev/go/src/pkg/runtime/proc.c 1443]
2013/04/01 21:10:14 [C] [/Users/lsdev/dev/go/src/pkg/runtime/runtime.c 128]
2013/04/01 21:10:14 [C] [/Users/lsdev/dev/go/src/pkg/runtime/thread_darwin.c 418]
2013/04/01 21:10:14 [C] [/Users/lsdev/dev/go/src/pkg/html/template/template.go 78]
2013/04/01 21:10:14 [C] [/Users/lsdev/dev/go/src/pkg/html/template/template.go 67]
2013/04/01 21:10:14 [C] [/Users/lsdev/Documents/Code/go/src/github.com/astaxie/beego/controller.go 100]
2013/04/01 21:10:14 [C] [/Users/lsdev/dev/go/src/pkg/reflect/value.go 521]
2013/04/01 21:10:14 [C] [/Users/lsdev/dev/go/src/pkg/reflect/value.go 334]
2013/04/01 21:10:14 [C] [/Users/lsdev/Documents/Code/go/src/github.com/astaxie/beego/router.go 253]
2013/04/01 21:10:14 [C] [/Users/lsdev/dev/go/src/pkg/net/http/server.go 669]
2013/04/01 21:10:14 [C] [/Users/lsdev/dev/go/src/pkg/runtime/proc.c 271]
2013/04/01 21:33:50 [T] [template ParseFiles err: template: articleDetail.tpl:5: unexpected "}" in command]
2013/04/01 21:33:50 [C] [Handler crashed with error runtime error: invalid memory address or nil pointer dereference]
2013/04/01 21:33:50 [C] [/Users/lsdev/dev/go/src/pkg/runtime/proc.c 1443]
2013/04/01 21:33:50 [C] [/Users/lsdev/dev/go/src/pkg/runtime/runtime.c 128]
2013/04/01 21:33:50 [C] [/Users/lsdev/dev/go/src/pkg/runtime/thread_darwin.c 418]
2013/04/01 21:33:50 [C] [/Users/lsdev/dev/go/src/pkg/html/template/template.go 78]
2013/04/01 21:33:50 [C] [/Users/lsdev/dev/go/src/pkg/html/template/template.go 67]
2013/04/01 21:33:50 [C] [/Users/lsdev/Documents/Code/go/src/github.com/astaxie/beego/controller.go 100]
2013/04/01 21:33:50 [C] [/Users/lsdev/dev/go/src/pkg/reflect/value.go 521]
2013/04/01 21:33:50 [C] [/Users/lsdev/dev/go/src/pkg/reflect/value.go 334]
2013/04/01 21:33:50 [C] [/Users/lsdev/Documents/Code/go/src/github.com/astaxie/beego/router.go 253]
2013/04/01 21:33:50 [C] [/Users/lsdev/dev/go/src/pkg/net/http/server.go 669]
2013/04/01 21:33:50 [C] [/Users/lsdev/dev/go/src/pkg/runtime/proc.c 271]
2013/04/01 22:13:23 [I] [获取首页数据成功]
2013/04/01 22:14:15 [I] [获得文章列表成功]
2013/04/01 22:14:19 [I] [获得类别列表成功]
2013/04/01 22:14:20 [E] [ : 文章不存在
]
2013/04/01 22:14:20 [E] [ : 文章不存在
]
2013/04/01 22:14:21 [E] [ : 文章不存在
]
2013/04/01 22:14:21 [E] [ : 文章不存在
]
2013/04/01 22:14:21 [E] [ : 文章不存在
]
2013/04/01 22:14:21 [E] [ : 文章不存在
]
2013/04/01 22:14:21 [E] [ : 文章不存在
]
2013/04/01 22:14:21 [E] [ : 文章不存在
]
2013/04/01 22:14:34 [I] [
]
2013/04/01 22:14:34 [I] [map[content:[fdfdfdfdfdfdfdfdfdfdfdfdfdfdfdfdfdfdfdfdfdfdfdfdfdfdfdfdfdfdfdfdfdfdfdfdfdfdfdfdfdfdfdfdfdfdfdfdfdfdfdfdfdfdfdfdfdfdfdfdfdfdfdfdfdfdfdfdfdfdfdfdfdfdfdfdfdfdfdfdfdfdfdfdfdfdfdfdfdfdfdfdfdfdfdfdfdfdfdfdfdfdfdfdfdfdfdfdfdfdfdfdfdfdfdfdfdfdfdfdfdfdfdfdfdfdfdfdfdfdfdfdfdfdfdfdfdfdfdfdfdfdfdfdfdfdfdfdfdfdfdfdfdfdfdfdfdfdfdfdfdfdfdfdfdfdfdfdfdfdfdfdfdfdfdfdfdfdfdfdfdfdfdfdfdfdfdfdfdfdfdfdfdfdfdfdfdfdfdfdfdfdfdfdfdfdfdfdfdfdfdfdfdfdfdfdfdfdfdfdfdfdfdfdfdfdfdfdfdfdfdfdfdfdfdfdfdfdfdfdfdfdfdfdfdfdfdfdfdfdfdfdfdfdfdfdfdfdfdfdfdfdfdfdfdfdfdfdfdfdfdfdfdfdfdfdfdfdfdfdfdfdfdfdfdfdfdfdfdfdfdfdfdfdfdfdfdfdfdfdfdfdfdfdfdfdfdfdfdfdfdfdfdfdfdfdfdfdfdfdfdfdfdfdfdfdfdfdfdfdfdfdfdfdfdfdfdfdfdfdfdfdfdfdfdfdfdfdfdfdfdfdfdfdfdfdfdfdfdfdfdfdfdfdfdfdfdfdfdfdfdfdfdfdfdfdfdfdfdfdfdfdfdfd] action:[addArticle] title:[fdfdfdfd] category_id:[1]]]
2013/04/01 22:14:34 [I] [添加文章成功: fdfdfdfd
]
2013/04/01 22:14:35 [I] [获得文章列表成功]
2013/04/01 22:14:57 [I] [获得类别列表成功]
2013/04/01 22:15:12 [I] [
]
2013/04/01 22:15:12 [I] [编辑文章成功: fdfdfdfd
]
2013/04/01 22:15:13 [I] [获得文章列表成功]
2013/04/01 22:16:06 [I] [
]
2013/04/01 22:16:06 [I] [删除文章成功: fdfdfdfd
]
2013/04/01 22:16:07 [I] [获得文章列表成功]
2013/04/01 22:16:25 [I] [获得文章列表成功]
2013/04/01 22:16:26 [I] [获取首页数据成功]
2013/04/01 22:16:31 [I] [获得文章列表成功]
2013/04/01 22:16:35 [I] [获得类别列表成功]
2013/04/01 22:16:39 [I] [获得文章列表成功]
2013/04/01 22:16:41 [I] [获得文章列表成功]
2013/04/01 22:16:41 [I] [获得文章列表成功]
2013/04/01 22:16:43 [I] [获得文章列表成功]
2013/04/01 22:16:45 [I] [获得文章列表成功]
2013/04/01 22:16:47 [I] [获取首页数据成功]
2013/04/01 22:19:47 [E] [获取类别列表出错 : unable to open database file
]
2013/04/01 22:20:07 [T] [template ParseFiles err: open views/index.tpl: too many open files]
2013/04/01 22:20:07 [C] [Handler crashed with error runtime error: invalid memory address or nil pointer dereference]
2013/04/01 22:20:07 [C] [/Users/lsdev/dev/go/src/pkg/runtime/proc.c 1443]
2013/04/01 22:20:07 [C] [/Users/lsdev/dev/go/src/pkg/runtime/runtime.c 128]
2013/04/01 22:20:07 [C] [/Users/lsdev/dev/go/src/pkg/runtime/thread_darwin.c 418]
2013/04/01 22:20:07 [C] [/Users/lsdev/dev/go/src/pkg/html/template/template.go 78]
2013/04/01 22:20:07 [C] [/Users/lsdev/dev/go/src/pkg/html/template/template.go 67]
2013/04/01 22:20:07 [C] [/Users/lsdev/Documents/Code/go/src/github.com/astaxie/beego/controller.go 100]
2013/04/01 22:20:07 [C] [/Users/lsdev/dev/go/src/pkg/reflect/value.go 521]
2013/04/01 22:20:07 [C] [/Users/lsdev/dev/go/src/pkg/reflect/value.go 334]
2013/04/01 22:20:07 [C] [/Users/lsdev/Documents/Code/go/src/github.com/astaxie/beego/router.go 253]
2013/04/01 22:20:07 [C] [/Users/lsdev/dev/go/src/pkg/net/http/server.go 669]
2013/04/01 22:20:07 [C] [/Users/lsdev/dev/go/src/pkg/runtime/proc.c 271]
2013/04/01 22:20:17 [T] [template ParseFiles err: open views/index.tpl: too many open files]
2013/04/01 22:20:17 [C] [Handler crashed with error runtime error: invalid memory address or nil pointer dereference]
2013/04/01 22:20:17 [C] [/Users/lsdev/dev/go/src/pkg/runtime/proc.c 1443]
2013/04/01 22:20:17 [C] [/Users/lsdev/dev/go/src/pkg/runtime/runtime.c 128]
2013/04/01 22:20:17 [C] [/Users/lsdev/dev/go/src/pkg/runtime/thread_darwin.c 418]
2013/04/01 22:20:17 [C] [/Users/lsdev/dev/go/src/pkg/html/template/template.go 78]
2013/04/01 22:20:17 [C] [/Users/lsdev/dev/go/src/pkg/html/template/template.go 67]
2013/04/01 22:20:17 [C] [/Users/lsdev/Documents/Code/go/src/github.com/astaxie/beego/controller.go 100]
2013/04/01 22:20:17 [C] [/Users/lsdev/dev/go/src/pkg/reflect/value.go 521]
2013/04/01 22:20:17 [C] [/Users/lsdev/dev/go/src/pkg/reflect/value.go 334]
2013/04/01 22:20:17 [C] [/Users/lsdev/Documents/Code/go/src/github.com/astaxie/beego/router.go 253]
2013/04/01 22:20:17 [C] [/Users/lsdev/dev/go/src/pkg/net/http/server.go 669]
2013/04/01 22:20:17 [C] [/Users/lsdev/dev/go/src/pkg/runtime/proc.c 271]
2013/04/01 22:20:18 [T] [template ParseFiles err: open views/index.tpl: too many open files]
2013/04/01 22:20:18 [C] [Handler crashed with error runtime error: invalid memory address or nil pointer dereference]
2013/04/01 22:20:18 [C] [/Users/lsdev/dev/go/src/pkg/runtime/proc.c 1443]
2013/04/01 22:20:18 [C] [/Users/lsdev/dev/go/src/pkg/runtime/runtime.c 128]
2013/04/01 22:20:18 [C] [/Users/lsdev/dev/go/src/pkg/runtime/thread_darwin.c 418]
2013/04/01 22:20:18 [C] [/Users/lsdev/dev/go/src/pkg/html/template/template.go 78]
2013/04/01 22:20:18 [C] [/Users/lsdev/dev/go/src/pkg/html/template/template.go 67]
2013/04/01 22:20:18 [C] [/Users/lsdev/Documents/Code/go/src/github.com/astaxie/beego/controller.go 100]
2013/04/01 22:20:18 [C] [/Users/lsdev/dev/go/src/pkg/reflect/value.go 521]
2013/04/01 22:20:18 [C] [/Users/lsdev/dev/go/src/pkg/reflect/value.go 334]
2013/04/01 22:20:18 [C] [/Users/lsdev/Documents/Code/go/src/github.com/astaxie/beego/router.go 253]
2013/04/01 22:20:18 [C] [/Users/lsdev/dev/go/src/pkg/net/http/server.go 669]
2013/04/01 22:20:18 [C] [/Users/lsdev/dev/go/src/pkg/runtime/proc.c 271]
2013/04/01 22:20:40 [T] [template ParseFiles err: open views/index.tpl: too many open files]
2013/04/01 22:20:40 [C] [Handler crashed with error runtime error: invalid memory address or nil pointer dereference]
2013/04/01 22:20:40 [C] [/Users/lsdev/dev/go/src/pkg/runtime/proc.c 1443]
2013/04/01 22:20:40 [C] [/Users/lsdev/dev/go/src/pkg/runtime/runtime.c 128]
2013/04/01 22:20:40 [C] [/Users/lsdev/dev/go/src/pkg/runtime/thread_darwin.c 418]
2013/04/01 22:20:40 [C] [/Users/lsdev/dev/go/src/pkg/html/template/template.go 78]
2013/04/01 22:20:40 [C] [/Users/lsdev/dev/go/src/pkg/html/template/template.go 67]
2013/04/01 22:20:40 [C] [/Users/lsdev/Documents/Code/go/src/github.com/astaxie/beego/controller.go 100]
2013/04/01 22:20:40 [C] [/Users/lsdev/dev/go/src/pkg/reflect/value.go 521]
2013/04/01 22:20:40 [C] [/Users/lsdev/dev/go/src/pkg/reflect/value.go 334]
2013/04/01 22:20:40 [C] [/Users/lsdev/Documents/Code/go/src/github.com/astaxie/beego/router.go 253]
2013/04/01 22:20:40 [C] [/Users/lsdev/dev/go/src/pkg/net/http/server.go 669]
2013/04/01 22:20:40 [C] [/Users/lsdev/dev/go/src/pkg/runtime/proc.c 271]
2013/04/01 22:20:41 [T] [template ParseFiles err: open views/index.tpl: too many open files]
2013/04/01 22:20:41 [C] [Handler crashed with error runtime error: invalid memory address or nil pointer dereference]
2013/04/01 22:20:41 [C] [/Users/lsdev/dev/go/src/pkg/runtime/proc.c 1443]
2013/04/01 22:20:41 [C] [/Users/lsdev/dev/go/src/pkg/runtime/runtime.c 128]
2013/04/01 22:20:41 [C] [/Users/lsdev/dev/go/src/pkg/runtime/thread_darwin.c 418]
2013/04/01 22:20:41 [C] [/Users/lsdev/dev/go/src/pkg/html/template/template.go 78]
2013/04/01 22:20:41 [C] [/Users/lsdev/dev/go/src/pkg/html/template/template.go 67]
2013/04/01 22:20:41 [C] [/Users/lsdev/Documents/Code/go/src/github.com/astaxie/beego/controller.go 100]
2013/04/01 22:20:41 [C] [/Users/lsdev/dev/go/src/pkg/reflect/value.go 521]
2013/04/01 22:20:41 [C] [/Users/lsdev/dev/go/src/pkg/reflect/value.go 334]
2013/04/01 22:20:41 [C] [/Users/lsdev/Documents/Code/go/src/github.com/astaxie/beego/router.go 253]
2013/04/01 22:20:41 [C] [/Users/lsdev/dev/go/src/pkg/net/http/server.go 669]
2013/04/01 22:20:41 [C] [/Users/lsdev/dev/go/src/pkg/runtime/proc.c 271]
2013/04/01 22:21:37 [I] [获取首页数据成功]
2013/04/01 22:23:25 [I] [获取首页数据成功]
2013/04/01 22:24:14 [I] [获取首页数据成功]
2013/04/01 22:25:21 [I] [获取首页数据成功]
2013/04/01 22:25:43 [I] [获取首页数据成功]
2013/04/01 22:25:45 [I] [获取首页数据成功]
2013/04/01 22:26:22 [I] [获取首页数据成功]
2013/04/01 22:26:58 [I] [获取首页数据成功]
2013/04/01 22:27:19 [I] [获取首页数据成功]
2013/04/01 22:27:57 [I] [获取首页数据成功]
2013/04/01 22:28:29 [I] [获取首页数据成功]
2013/04/01 22:28:54 [I] [获取首页数据成功]
2013/04/01 22:29:06 [I] [获取首页数据成功]
2013/04/01 22:29:18 [I] [获取首页数据成功]
2013/04/01 22:31:12 [I] [获取首页数据成功]
2013/04/01 22:31:25 [I] [获取首页数据成功]
2013/04/01 22:31:47 [I] [获取首页数据成功]
2013/04/01 22:32:14 [I] [获取首页数据成功]
2013/04/01 22:32:33 [I] [获取首页数据成功]
2013/04/01 22:43:25 [I] [获取首页数据成功]
2013/04/01 22:44:30 [I] [获取首页数据成功]
2013/04/01 22:47:15 [I] [获得文章列表成功]
2013/04/01 22:47:17 [I] [获得类别列表成功]
2013/04/01 22:47:25 [I] [获得类别列表成功]
2013/04/01 22:47:27 [I] [获得类别列表成功]
2013/04/01 22:47:28 [I] [获得文章列表成功]
